<?xml version="1.0" encoding="UTF-8"?>
<coverage generated="1625073449720" clover="3.2.0">
  <project timestamp="1625073449720" name="All files">
    <metrics statements="23" coveredstatements="12" conditionals="7" coveredconditionals="4" methods="9" coveredmethods="2" elements="39" coveredelements="18" complexity="0" loc="23" ncloc="23" packages="2" files="5" classes="5"/>
    <package name="components">
      <metrics statements="5" coveredstatements="5" conditionals="5" coveredconditionals="4" methods="3" coveredmethods="1"/>
      <file name="MenuDetails.jsx" path="C:\dev\pub-menu\src\components\MenuDetails.jsx">
        <metrics statements="5" coveredstatements="5" conditionals="5" coveredconditionals="4" methods="3" coveredmethods="1"/>
        <line num="9" count="1" type="stmt"/>
        <line num="10" count="1" type="stmt"/>
        <line num="11" count="1" type="cond" truecount="2" falsecount="1"/>
        <line num="12" count="1" type="cond" truecount="2" falsecount="0"/>
        <line num="13" count="1" type="stmt"/>
      </file>
    </package>
    <package name="models">
      <metrics statements="18" coveredstatements="7" conditionals="2" coveredconditionals="0" methods="6" coveredmethods="1"/>
      <file name="MenuListModel.js" path="C:\dev\pub-menu\src\models\MenuListModel.js">
        <metrics statements="7" coveredstatements="1" conditionals="2" coveredconditionals="0" methods="3" coveredmethods="0"/>
        <line num="7" count="1" type="stmt"/>
        <line num="11" count="0" type="stmt"/>
        <line num="17" count="0" type="stmt"/>
        <line num="18" count="0" type="cond" truecount="0" falsecount="2"/>
        <line num="19" count="0" type="stmt"/>
        <line num="22" count="0" type="stmt"/>
        <line num="23" count="0" type="stmt"/>
      </file>
      <file name="MenuModel.js" path="C:\dev\pub-menu\src\models\MenuModel.js">
        <metrics statements="4" coveredstatements="0" conditionals="0" coveredconditionals="0" methods="1" coveredmethods="0"/>
        <line num="11" count="0" type="stmt"/>
        <line num="12" count="0" type="stmt"/>
        <line num="13" count="0" type="stmt"/>
        <line num="14" count="0" type="stmt"/>
      </file>
      <file name="SelectedMenuModel.js" path="C:\dev\pub-menu\src\models\SelectedMenuModel.js">
        <metrics statements="1" coveredstatements="0" conditionals="0" coveredconditionals="0" methods="1" coveredmethods="0"/>
        <line num="9" count="0" type="stmt"/>
      </file>
      <file name="store.js" path="C:\dev\pub-menu\src\models\store.js">
        <metrics statements="6" coveredstatements="6" conditionals="0" coveredconditionals="0" methods="1" coveredmethods="1"/>
        <line num="6" count="1" type="stmt"/>
        <line num="12" count="1" type="stmt"/>
        <line num="13" count="1" type="stmt"/>
        <line num="16" count="1" type="stmt"/>
        <line num="17" count="1" type="stmt"/>
        <line num="21" count="1" type="stmt"/>
      </file>
    </package>
  </project>
</coverage>
