{"C:\\dev\\pub-menu\\src\\components\\MenuDetails.jsx": {"path":"C:\\dev\\pub-menu\\src\\components\\MenuDetails.jsx","statementMap":{"0":{"start":{"line":9,"column":15},"end":{"line":9,"column":41}},"1":{"start":{"line":10,"column":18},"end":{"line":10,"column":43}},"2":{"start":{"line":11,"column":17},"end":{"line":11,"column":109}},"3":{"start":{"line":11,"column":38},"end":{"line":11,"column":52}},"4":{"start":{"line":11,"column":85},"end":{"line":11,"column":99}},"5":{"start":{"line":12,"column":20},"end":{"line":12,"column":38}},"6":{"start":{"line":13,"column":4},"end":{"line":37,"column":6}}},"fnMap":{"0":{"name":"(anonymous_0)","decl":{"start":{"line":8,"column":2},"end":{"line":8,"column":3}},"loc":{"start":{"line":8,"column":11},"end":{"line":38,"column":3}},"line":8},"1":{"name":"(anonymous_1)","decl":{"start":{"line":11,"column":30},"end":{"line":11,"column":31}},"loc":{"start":{"line":11,"column":38},"end":{"line":11,"column":52}},"line":11},"2":{"name":"(anonymous_2)","decl":{"start":{"line":11,"column":77},"end":{"line":11,"column":78}},"loc":{"start":{"line":11,"column":85},"end":{"line":11,"column":99}},"line":11}},"branchMap":{"0":{"loc":{"start":{"line":11,"column":17},"end":{"line":11,"column":109}},"type":"binary-expr","locations":[{"start":{"line":11,"column":17},"end":{"line":11,"column":60}},{"start":{"line":11,"column":64},"end":{"line":11,"column":103}},{"start":{"line":11,"column":107},"end":{"line":11,"column":109}}],"line":11},"1":{"loc":{"start":{"line":12,"column":20},"end":{"line":12,"column":38}},"type":"binary-expr","locations":[{"start":{"line":12,"column":20},"end":{"line":12,"column":32}},{"start":{"line":12,"column":36},"end":{"line":12,"column":38}}],"line":12}},"s":{"0":1,"1":1,"2":1,"3":0,"4":0,"5":1,"6":1},"f":{"0":1,"1":0,"2":0},"b":{"0":[1,0,1],"1":[1,1]},"_coverageSchema":"1a1c01bbd47fc00a2c39e90264f33305004495a9","hash":"c46dbbcc60535d955db98fb5edbcef0f43eb0b09"}
,"C:\\dev\\pub-menu\\src\\models\\MenuListModel.js": {"path":"C:\\dev\\pub-menu\\src\\models\\MenuListModel.js","statementMap":{"0":{"start":{"line":7,"column":44},"end":{"line":7,"column":46}},"1":{"start":{"line":11,"column":4},"end":{"line":11,"column":62}},"2":{"start":{"line":17,"column":4},"end":{"line":21,"column":7}},"3":{"start":{"line":18,"column":6},"end":{"line":20,"column":7}},"4":{"start":{"line":19,"column":8},"end":{"line":19,"column":18}},"5":{"start":{"line":22,"column":4},"end":{"line":22,"column":34}},"6":{"start":{"line":23,"column":4},"end":{"line":27,"column":6}}},"fnMap":{"0":{"name":"(anonymous_0)","decl":{"start":{"line":9,"column":2},"end":{"line":9,"column":3}},"loc":{"start":{"line":10,"column":37},"end":{"line":12,"column":3}},"line":10},"1":{"name":"(anonymous_1)","decl":{"start":{"line":14,"column":2},"end":{"line":14,"column":3}},"loc":{"start":{"line":15,"column":57},"end":{"line":28,"column":3}},"line":15},"2":{"name":"(anonymous_2)","decl":{"start":{"line":17,"column":23},"end":{"line":17,"column":24}},"loc":{"start":{"line":17,"column":39},"end":{"line":21,"column":5}},"line":17}},"branchMap":{"0":{"loc":{"start":{"line":18,"column":6},"end":{"line":20,"column":7}},"type":"if","locations":[{"start":{"line":18,"column":6},"end":{"line":20,"column":7}},{"start":{"line":18,"column":6},"end":{"line":20,"column":7}}],"line":18}},"s":{"0":1,"1":0,"2":0,"3":0,"4":0,"5":0,"6":0},"f":{"0":0,"1":0,"2":0},"b":{"0":[0,0]},"_coverageSchema":"1a1c01bbd47fc00a2c39e90264f33305004495a9","hash":"b0044a8835952c5c8046223fa530626f7685adea"}
,"C:\\dev\\pub-menu\\src\\models\\MenuModel.js": {"path":"C:\\dev\\pub-menu\\src\\models\\MenuModel.js","statementMap":{"0":{"start":{"line":11,"column":4},"end":{"line":11,"column":21}},"1":{"start":{"line":12,"column":4},"end":{"line":12,"column":35}},"2":{"start":{"line":13,"column":4},"end":{"line":13,"column":17}},"3":{"start":{"line":14,"column":4},"end":{"line":14,"column":22}}},"fnMap":{"0":{"name":"(anonymous_0)","decl":{"start":{"line":10,"column":2},"end":{"line":10,"column":3}},"loc":{"start":{"line":10,"column":41},"end":{"line":15,"column":3}},"line":10}},"branchMap":{},"s":{"0":0,"1":0,"2":0,"3":0},"f":{"0":0},"b":{},"_coverageSchema":"1a1c01bbd47fc00a2c39e90264f33305004495a9","hash":"db75aa78f1ea6c7cfea61e70c80d6fb6e684aa47"}
,"C:\\dev\\pub-menu\\src\\models\\SelectedMenuModel.js": {"path":"C:\\dev\\pub-menu\\src\\models\\SelectedMenuModel.js","statementMap":{"0":{"start":{"line":9,"column":4},"end":{"line":9,"column":17}}},"fnMap":{"0":{"name":"(anonymous_0)","decl":{"start":{"line":7,"column":2},"end":{"line":7,"column":3}},"loc":{"start":{"line":8,"column":22},"end":{"line":10,"column":3}},"line":8}},"branchMap":{},"s":{"0":0},"f":{"0":0},"b":{},"_coverageSchema":"1a1c01bbd47fc00a2c39e90264f33305004495a9","hash":"381d7e99e792ffc8a8d0be8f0a08d320a09e90b9"}
,"C:\\dev\\pub-menu\\src\\models\\store.js": {"path":"C:\\dev\\pub-menu\\src\\models\\store.js","statementMap":{"0":{"start":{"line":6,"column":16},"end":{"line":9,"column":2}},"1":{"start":{"line":12,"column":24},"end":{"line":12,"column":47}},"2":{"start":{"line":13,"column":20},"end":{"line":13,"column":39}},"3":{"start":{"line":16,"column":8},"end":{"line":16,"column":61}},"4":{"start":{"line":17,"column":8},"end":{"line":17,"column":54}},"5":{"start":{"line":21,"column":21},"end":{"line":21,"column":36}}},"fnMap":{"0":{"name":"(anonymous_0)","decl":{"start":{"line":15,"column":4},"end":{"line":15,"column":5}},"loc":{"start":{"line":15,"column":18},"end":{"line":18,"column":5}},"line":15}},"branchMap":{},"s":{"0":1,"1":1,"2":1,"3":1,"4":1,"5":1},"f":{"0":1},"b":{},"_coverageSchema":"1a1c01bbd47fc00a2c39e90264f33305004495a9","hash":"e43ed23536fecb8cf79d708b389c022932eed4fd"}
}
