TN:
SF:src\components\MenuDetails.jsx
FN:8,(anonymous_0)
FN:11,(anonymous_1)
FN:11,(anonymous_2)
FNF:3
FNH:1
FNDA:1,(anonymous_0)
FNDA:0,(anonymous_1)
FNDA:0,(anonymous_2)
DA:9,1
DA:10,1
DA:11,1
DA:12,1
DA:13,1
LF:5
LH:5
BRDA:11,0,0,1
BRDA:11,0,1,0
BRDA:11,0,2,1
BRDA:12,1,0,1
BRDA:12,1,1,1
BRF:5
BRH:4
end_of_record
TN:
SF:src\models\MenuListModel.js
FN:9,(anonymous_0)
FN:14,(anonymous_1)
FN:17,(anonymous_2)
FNF:3
FNH:0
FNDA:0,(anonymous_0)
FNDA:0,(anonymous_1)
FNDA:0,(anonymous_2)
DA:7,1
DA:11,0
DA:17,0
DA:18,0
DA:19,0
DA:22,0
DA:23,0
LF:7
LH:1
BRDA:18,0,0,0
BRDA:18,0,1,0
BRF:2
BRH:0
end_of_record
TN:
SF:src\models\MenuModel.js
FN:10,(anonymous_0)
FNF:1
FNH:0
FNDA:0,(anonymous_0)
DA:11,0
DA:12,0
DA:13,0
DA:14,0
LF:4
LH:0
BRF:0
BRH:0
end_of_record
TN:
SF:src\models\SelectedMenuModel.js
FN:7,(anonymous_0)
FNF:1
FNH:0
FNDA:0,(anonymous_0)
DA:9,0
LF:1
LH:0
BRF:0
BRH:0
end_of_record
TN:
SF:src\models\store.js
FN:15,(anonymous_0)
FNF:1
FNH:1
FNDA:1,(anonymous_0)
DA:6,1
DA:12,1
DA:13,1
DA:16,1
DA:17,1
DA:21,1
LF:6
LH:6
BRF:0
BRH:0
end_of_record
